2025-06-23T12:20:32.998Z - GET /api/projects/active
2025-06-23T12:20:33.029Z - GET /api/settings
2025-06-23T12:20:33.030Z - GET /api/pages
2025-06-23T12:20:33.034Z - GET /api/settings
2025-06-23T12:20:33.036Z - GET /api/pages
2025-06-23T12:20:49.640Z - GET /api/projects
2025-06-23T12:20:49.644Z - GET /api/projects
2025-06-23T12:20:51.353Z - GET /api/projects/active
2025-06-23T12:20:51.432Z - GET /api/projects
2025-06-23T12:20:51.437Z - GET /api/projects
2025-06-23T12:20:52.400Z - GET /api/settings
2025-06-23T12:20:52.401Z - GET /api/projects
2025-06-23T12:20:52.404Z - GET /api/settings
2025-06-23T12:20:52.405Z - GET /api/projects
2025-06-23T12:21:00.192Z - GET /api/settings
2025-06-23T12:21:00.194Z - GET /api/pages
2025-06-23T12:21:00.198Z - GET /api/settings
2025-06-23T12:21:00.201Z - GET /api/pages
2025-06-23T12:21:05.756Z - GET /api/pages/basic
2025-06-23T12:21:05.757Z - GET /api/projects/nu/widgets
2025-06-23T12:21:05.758Z - GET /api/projects/active
2025-06-23T12:21:05.766Z - GET /api/projects/active
2025-06-23T12:21:05.768Z - GET /api/pages/basic
2025-06-23T12:21:05.769Z - GET /api/themes/project/nu
2025-06-23T12:21:05.772Z - GET /api/preview/global-widgets
2025-06-23T12:21:05.772Z - GET /api/projects/nu/widgets
2025-06-23T12:21:05.778Z - GET /api/themes/project/nu
2025-06-23T12:21:05.780Z - GET /api/preview/global-widgets
2025-06-23T12:21:05.795Z - GET /api/pages
2025-06-23T12:21:05.808Z - POST /api/preview
2025-06-23T12:21:05.809Z - POST /api/preview
2025-06-23T12:21:05.812Z - GET /api/pages
2025-06-23T12:21:05.831Z - POST /api/preview
2025-06-23T12:21:05.845Z - GET /api/preview/assets/nu/assets/base.css
2025-06-23T12:21:05.845Z - GET /api/preview/assets/nu/assets/header_scripts.js
2025-06-23T12:21:05.847Z - GET /api/preview/assets/nu/assets/footer_scripts.js
2025-06-23T12:21:24.766Z - POST /api/preview
2025-06-23T12:21:27.581Z - GET /api/media/projects/nu/media
2025-06-23T12:21:27.587Z - GET /api/media/projects/nu/media
2025-06-23T12:22:05.797Z - POST /api/pages/basic/content
2025-06-23T12:22:25.147Z - GET /api/projects/active
2025-06-23T12:22:25.204Z - GET /api/pages/basic
2025-06-23T12:22:25.207Z - GET /api/projects/active
2025-06-23T12:22:25.207Z - GET /api/projects/nu/widgets
2025-06-23T12:22:25.209Z - GET /api/pages/basic
2025-06-23T12:22:25.212Z - GET /api/projects/active
2025-06-23T12:22:25.216Z - GET /api/projects/nu/widgets
2025-06-23T12:22:25.227Z - GET /api/preview/global-widgets
2025-06-23T12:22:25.228Z - GET /api/themes/project/nu
2025-06-23T12:22:25.231Z - GET /api/preview/global-widgets
2025-06-23T12:22:25.234Z - GET /api/themes/project/nu
2025-06-23T12:22:25.285Z - GET /api/pages
2025-06-23T12:22:25.292Z - POST /api/preview
2025-06-23T12:22:25.292Z - GET /api/pages
2025-06-23T12:22:25.296Z - POST /api/preview
2025-06-23T12:22:25.361Z - POST /api/preview
2025-06-23T12:22:25.392Z - GET /api/preview/assets/nu/assets/header_scripts.js
2025-06-23T12:22:25.392Z - GET /api/preview/assets/nu/assets/base.css
2025-06-23T12:22:25.395Z - GET /api/preview/assets/nu/assets/footer_scripts.js
2025-06-23T12:22:25.698Z - GET /api/projects/active
2025-06-23T12:22:25.767Z - GET /api/pages/basic
2025-06-23T12:22:25.770Z - GET /api/projects/nu/widgets
2025-06-23T12:22:25.770Z - GET /api/projects/active
2025-06-23T12:22:25.773Z - GET /api/pages/basic
2025-06-23T12:22:25.775Z - GET /api/projects/active
2025-06-23T12:22:25.777Z - GET /api/projects/nu/widgets
2025-06-23T12:22:25.792Z - GET /api/preview/global-widgets
2025-06-23T12:22:25.793Z - GET /api/themes/project/nu
2025-06-23T12:22:25.799Z - GET /api/themes/project/nu
2025-06-23T12:22:25.800Z - GET /api/preview/global-widgets
2025-06-23T12:22:25.850Z - GET /api/pages
2025-06-23T12:22:25.855Z - POST /api/preview
2025-06-23T12:22:25.855Z - GET /api/pages
2025-06-23T12:22:25.861Z - POST /api/preview
2025-06-23T12:22:25.928Z - POST /api/preview
2025-06-23T12:22:25.943Z - GET /api/preview/assets/nu/assets/header_scripts.js
2025-06-23T12:22:25.943Z - GET /api/preview/assets/nu/assets/base.css
2025-06-23T12:22:25.944Z - GET /api/preview/assets/nu/assets/footer_scripts.js
2025-06-23T12:22:26.192Z - GET /api/projects/active
2025-06-23T12:22:26.246Z - GET /api/pages/basic
2025-06-23T12:22:26.247Z - GET /api/projects/nu/widgets
2025-06-23T12:22:26.248Z - GET /api/projects/active
2025-06-23T12:22:26.254Z - GET /api/projects/active
2025-06-23T12:22:26.255Z - GET /api/pages/basic
2025-06-23T12:22:26.257Z - GET /api/projects/nu/widgets
2025-06-23T12:22:26.262Z - GET /api/themes/project/nu
2025-06-23T12:22:26.263Z - GET /api/preview/global-widgets
2025-06-23T12:22:26.271Z - GET /api/themes/project/nu
2025-06-23T12:22:26.271Z - GET /api/preview/global-widgets
2025-06-23T12:22:26.308Z - GET /api/pages
2025-06-23T12:22:26.309Z - POST /api/preview
2025-06-23T12:22:26.313Z - GET /api/pages
2025-06-23T12:22:26.314Z - POST /api/preview
2025-06-23T12:22:26.382Z - POST /api/preview
2025-06-23T12:22:26.395Z - GET /api/preview/assets/nu/assets/base.css
2025-06-23T12:22:26.396Z - GET /api/preview/assets/nu/assets/header_scripts.js
2025-06-23T12:22:26.397Z - GET /api/preview/assets/nu/assets/footer_scripts.js
2025-06-23T12:22:26.615Z - GET /api/projects/active
2025-06-23T12:22:26.659Z - GET /api/pages/basic
2025-06-23T12:22:26.661Z - GET /api/projects/nu/widgets
2025-06-23T12:22:26.661Z - GET /api/projects/active
2025-06-23T12:22:26.665Z - GET /api/pages/basic
2025-06-23T12:22:26.666Z - GET /api/projects/active
2025-06-23T12:22:26.670Z - GET /api/projects/nu/widgets
2025-06-23T12:22:26.678Z - GET /api/preview/global-widgets
2025-06-23T12:22:26.679Z - GET /api/themes/project/nu
2025-06-23T12:22:26.683Z - GET /api/themes/project/nu
2025-06-23T12:22:26.684Z - GET /api/preview/global-widgets
2025-06-23T12:22:26.744Z - GET /api/pages
2025-06-23T12:22:26.749Z - POST /api/preview
2025-06-23T12:22:26.753Z - GET /api/pages
2025-06-23T12:22:26.756Z - POST /api/preview
2025-06-23T12:22:26.844Z - POST /api/preview
2025-06-23T12:22:27.069Z - GET /api/projects/active
2025-06-23T12:22:27.128Z - GET /api/pages/basic
2025-06-23T12:22:27.129Z - GET /api/projects/nu/widgets
2025-06-23T12:22:27.130Z - GET /api/projects/active
2025-06-23T12:22:27.136Z - GET /api/pages/basic
2025-06-23T12:22:27.137Z - GET /api/projects/active
2025-06-23T12:22:27.139Z - GET /api/projects/nu/widgets
2025-06-23T12:22:27.156Z - GET /api/preview/global-widgets
2025-06-23T12:22:27.156Z - GET /api/themes/project/nu
2025-06-23T12:22:27.160Z - GET /api/preview/global-widgets
2025-06-23T12:22:27.161Z - GET /api/themes/project/nu
2025-06-23T12:22:27.220Z - GET /api/pages
2025-06-23T12:22:27.225Z - POST /api/preview
2025-06-23T12:22:27.226Z - GET /api/pages
2025-06-23T12:22:27.229Z - POST /api/preview
2025-06-23T12:22:27.305Z - POST /api/preview
2025-06-23T12:22:27.324Z - GET /api/preview/assets/nu/assets/base.css
2025-06-23T12:22:27.547Z - GET /api/projects/active
2025-06-23T12:22:27.592Z - GET /api/pages/basic
2025-06-23T12:22:27.592Z - GET /api/projects/nu/widgets
2025-06-23T12:22:27.593Z - GET /api/projects/active
2025-06-23T12:22:27.597Z - GET /api/projects/active
2025-06-23T12:22:27.600Z - GET /api/pages/basic
2025-06-23T12:22:27.602Z - GET /api/projects/nu/widgets
2025-06-23T12:22:27.612Z - GET /api/themes/project/nu
2025-06-23T12:22:27.612Z - GET /api/preview/global-widgets
2025-06-23T12:22:27.617Z - GET /api/themes/project/nu
2025-06-23T12:22:27.620Z - GET /api/preview/global-widgets
2025-06-23T12:22:27.668Z - GET /api/pages
2025-06-23T12:22:27.673Z - POST /api/preview
2025-06-23T12:22:27.674Z - GET /api/pages
2025-06-23T12:22:27.682Z - POST /api/preview
2025-06-23T12:22:27.776Z - POST /api/preview
2025-06-23T12:22:27.792Z - GET /api/preview/assets/nu/assets/base.css
2025-06-23T12:22:27.793Z - GET /api/preview/assets/nu/assets/header_scripts.js
2025-06-23T12:22:27.794Z - GET /api/preview/assets/nu/assets/footer_scripts.js
2025-06-23T12:22:28.008Z - GET /api/projects/active
2025-06-23T12:22:28.055Z - GET /api/pages/basic
2025-06-23T12:22:28.056Z - GET /api/projects/nu/widgets
2025-06-23T12:22:28.056Z - GET /api/projects/active
2025-06-23T12:22:28.060Z - GET /api/pages/basic
2025-06-23T12:22:28.061Z - GET /api/projects/active
2025-06-23T12:22:28.063Z - GET /api/projects/nu/widgets
2025-06-23T12:22:28.077Z - GET /api/preview/global-widgets
2025-06-23T12:22:28.077Z - GET /api/themes/project/nu
2025-06-23T12:22:28.080Z - GET /api/themes/project/nu
2025-06-23T12:22:28.083Z - GET /api/preview/global-widgets
2025-06-23T12:22:28.141Z - GET /api/pages
2025-06-23T12:22:28.146Z - POST /api/preview
2025-06-23T12:22:28.148Z - GET /api/pages
2025-06-23T12:22:28.152Z - POST /api/preview
2025-06-23T12:22:28.221Z - POST /api/preview
2025-06-23T12:22:28.233Z - GET /api/preview/assets/nu/assets/header_scripts.js
2025-06-23T12:22:28.233Z - GET /api/preview/assets/nu/assets/footer_scripts.js
2025-06-23T12:22:28.232Z - GET /api/preview/assets/nu/assets/base.css
2025-06-23T12:22:28.443Z - GET /api/projects/active
2025-06-23T12:22:28.518Z - GET /api/pages/basic
2025-06-23T12:22:28.518Z - GET /api/projects/nu/widgets
2025-06-23T12:22:28.519Z - GET /api/projects/active
2025-06-23T12:22:28.523Z - GET /api/pages/basic
2025-06-23T12:22:28.524Z - GET /api/projects/active
2025-06-23T12:22:28.526Z - GET /api/projects/nu/widgets
2025-06-23T12:22:28.544Z - GET /api/preview/global-widgets
2025-06-23T12:22:28.546Z - GET /api/themes/project/nu
2025-06-23T12:22:28.552Z - GET /api/themes/project/nu
2025-06-23T12:22:28.553Z - GET /api/preview/global-widgets
2025-06-23T12:22:28.604Z - GET /api/pages
2025-06-23T12:22:28.607Z - POST /api/preview
2025-06-23T12:22:28.610Z - GET /api/pages
2025-06-23T12:22:28.613Z - POST /api/preview
2025-06-23T12:22:28.683Z - POST /api/preview
2025-06-23T12:22:28.706Z - GET /api/preview/assets/nu/assets/base.css
2025-06-23T12:22:28.706Z - GET /api/preview/assets/nu/assets/header_scripts.js
2025-06-23T12:22:28.707Z - GET /api/preview/assets/nu/assets/footer_scripts.js
2025-06-23T12:22:28.906Z - GET /api/projects/active
2025-06-23T12:22:28.949Z - GET /api/pages/basic
2025-06-23T12:22:28.949Z - GET /api/projects/nu/widgets
2025-06-23T12:22:28.950Z - GET /api/projects/active
2025-06-23T12:22:28.956Z - GET /api/projects/active
2025-06-23T12:22:28.957Z - GET /api/pages/basic
2025-06-23T12:22:28.959Z - GET /api/projects/nu/widgets
2025-06-23T12:22:28.968Z - GET /api/themes/project/nu
2025-06-23T12:22:28.969Z - GET /api/preview/global-widgets
2025-06-23T12:22:28.973Z - GET /api/themes/project/nu
2025-06-23T12:22:28.974Z - GET /api/preview/global-widgets
2025-06-23T12:22:29.009Z - GET /api/pages
2025-06-23T12:22:29.013Z - POST /api/preview
2025-06-23T12:22:29.015Z - GET /api/pages
2025-06-23T12:22:29.020Z - POST /api/preview
2025-06-23T12:22:29.090Z - POST /api/preview
2025-06-23T12:22:29.110Z - GET /api/preview/assets/nu/assets/header_scripts.js
2025-06-23T12:22:29.110Z - GET /api/preview/assets/nu/assets/footer_scripts.js
2025-06-23T12:22:29.111Z - GET /api/preview/assets/nu/assets/base.css
2025-06-23T12:22:29.340Z - GET /api/projects/active
2025-06-23T12:22:29.385Z - GET /api/pages/basic
2025-06-23T12:22:29.385Z - GET /api/projects/nu/widgets
2025-06-23T12:22:29.386Z - GET /api/projects/active
2025-06-23T12:22:29.391Z - GET /api/pages/basic
2025-06-23T12:22:29.392Z - GET /api/projects/active
2025-06-23T12:22:29.393Z - GET /api/projects/nu/widgets
2025-06-23T12:22:29.402Z - GET /api/preview/global-widgets
2025-06-23T12:22:29.403Z - GET /api/themes/project/nu
2025-06-23T12:22:29.407Z - GET /api/preview/global-widgets
2025-06-23T12:22:29.407Z - GET /api/themes/project/nu
2025-06-23T12:22:29.445Z - GET /api/pages
2025-06-23T12:22:29.449Z - POST /api/preview
2025-06-23T12:22:29.450Z - GET /api/pages
2025-06-23T12:22:29.455Z - POST /api/preview
2025-06-23T12:22:29.517Z - POST /api/preview
2025-06-23T12:22:29.536Z - GET /api/preview/assets/nu/assets/base.css
2025-06-23T12:22:29.537Z - GET /api/preview/assets/nu/assets/header_scripts.js
2025-06-23T12:22:29.538Z - GET /api/preview/assets/nu/assets/footer_scripts.js
2025-06-23T12:22:29.734Z - GET /api/projects/active
2025-06-23T12:22:29.779Z - GET /api/pages/basic
2025-06-23T12:22:29.779Z - GET /api/projects/nu/widgets
2025-06-23T12:22:29.780Z - GET /api/projects/active
2025-06-23T12:22:29.784Z - GET /api/projects/active
2025-06-23T12:22:29.786Z - GET /api/pages/basic
2025-06-23T12:22:29.789Z - GET /api/projects/nu/widgets
2025-06-23T12:22:29.797Z - GET /api/themes/project/nu
2025-06-23T12:22:29.798Z - GET /api/preview/global-widgets
2025-06-23T12:22:29.803Z - GET /api/themes/project/nu
2025-06-23T12:22:29.805Z - GET /api/preview/global-widgets
2025-06-23T12:22:29.841Z - GET /api/pages
2025-06-23T12:22:29.843Z - POST /api/preview
2025-06-23T12:22:29.847Z - POST /api/preview
2025-06-23T12:22:29.848Z - GET /api/pages
2025-06-23T12:22:29.911Z - POST /api/preview
2025-06-23T12:22:29.924Z - GET /api/preview/assets/nu/assets/base.css
2025-06-23T12:22:29.925Z - GET /api/preview/assets/nu/assets/header_scripts.js
2025-06-23T12:22:29.926Z - GET /api/preview/assets/nu/assets/footer_scripts.js
2025-06-23T12:22:30.157Z - GET /api/projects/active
2025-06-23T12:22:30.196Z - GET /api/pages/basic
2025-06-23T12:22:30.196Z - GET /api/projects/nu/widgets
2025-06-23T12:22:30.197Z - GET /api/projects/active
2025-06-23T12:22:30.204Z - GET /api/projects/active
2025-06-23T12:22:30.205Z - GET /api/pages/basic
2025-06-23T12:22:30.206Z - GET /api/projects/nu/widgets
2025-06-23T12:22:30.220Z - GET /api/themes/project/nu
2025-06-23T12:22:30.221Z - GET /api/preview/global-widgets
2025-06-23T12:22:30.230Z - GET /api/themes/project/nu
2025-06-23T12:22:30.231Z - GET /api/preview/global-widgets
2025-06-23T12:22:30.278Z - GET /api/pages
2025-06-23T12:22:30.282Z - POST /api/preview
2025-06-23T12:22:30.286Z - GET /api/pages
2025-06-23T12:22:30.288Z - POST /api/preview
2025-06-23T12:22:30.530Z - GET /api/projects/active
2025-06-23T12:22:30.580Z - GET /api/projects/nu/widgets
2025-06-23T12:22:30.579Z - GET /api/pages/basic
2025-06-23T12:22:30.582Z - GET /api/projects/active
2025-06-23T12:22:30.587Z - GET /api/pages/basic
2025-06-23T12:22:30.588Z - GET /api/projects/active
2025-06-23T12:22:30.589Z - GET /api/projects/nu/widgets
2025-06-23T12:22:30.595Z - GET /api/preview/global-widgets
2025-06-23T12:22:30.595Z - GET /api/themes/project/nu
2025-06-23T12:22:30.602Z - GET /api/themes/project/nu
2025-06-23T12:22:30.604Z - GET /api/preview/global-widgets
2025-06-23T12:22:30.661Z - GET /api/pages
2025-06-23T12:22:30.667Z - POST /api/preview
2025-06-23T12:22:30.669Z - GET /api/pages
2025-06-23T12:22:30.675Z - POST /api/preview
2025-06-23T12:22:30.743Z - POST /api/preview
2025-06-23T12:22:30.760Z - GET /api/preview/assets/nu/assets/header_scripts.js
2025-06-23T12:22:30.759Z - GET /api/preview/assets/nu/assets/base.css
2025-06-23T12:22:30.761Z - GET /api/preview/assets/nu/assets/footer_scripts.js
2025-06-23T12:22:30.975Z - GET /api/projects/active
2025-06-23T12:22:31.030Z - GET /api/pages/basic
2025-06-23T12:22:31.031Z - GET /api/projects/nu/widgets
2025-06-23T12:22:31.031Z - GET /api/projects/active
2025-06-23T12:22:31.037Z - GET /api/pages/basic
2025-06-23T12:22:31.038Z - GET /api/projects/active
2025-06-23T12:22:31.042Z - GET /api/projects/nu/widgets
2025-06-23T12:22:31.049Z - GET /api/preview/global-widgets
2025-06-23T12:22:31.050Z - GET /api/themes/project/nu
2025-06-23T12:22:31.056Z - GET /api/preview/global-widgets
2025-06-23T12:22:31.058Z - GET /api/themes/project/nu
2025-06-23T12:22:31.102Z - GET /api/pages
2025-06-23T12:22:31.104Z - POST /api/preview
2025-06-23T12:22:31.108Z - POST /api/preview
2025-06-23T12:22:31.108Z - GET /api/pages
2025-06-23T12:22:31.169Z - POST /api/preview
2025-06-23T12:22:31.181Z - GET /api/preview/assets/nu/assets/base.css
2025-06-23T12:22:31.187Z - GET /api/preview/assets/nu/assets/header_scripts.js
2025-06-23T12:22:31.187Z - GET /api/preview/assets/nu/assets/footer_scripts.js
2025-06-23T12:22:31.387Z - GET /api/projects/active
2025-06-23T12:22:31.430Z - GET /api/pages/basic
2025-06-23T12:22:31.432Z - GET /api/projects/nu/widgets
2025-06-23T12:22:31.432Z - GET /api/projects/active
2025-06-23T12:22:31.437Z - GET /api/pages/basic
2025-06-23T12:22:31.439Z - GET /api/projects/active
2025-06-23T12:22:31.440Z - GET /api/projects/nu/widgets
2025-06-23T12:22:31.447Z - GET /api/preview/global-widgets
2025-06-23T12:22:31.450Z - GET /api/themes/project/nu
2025-06-23T12:22:31.456Z - GET /api/preview/global-widgets
2025-06-23T12:22:31.456Z - GET /api/themes/project/nu
2025-06-23T12:22:31.489Z - GET /api/pages
2025-06-23T12:22:31.491Z - POST /api/preview
2025-06-23T12:22:31.495Z - POST /api/preview
2025-06-23T12:22:31.496Z - GET /api/pages
2025-06-23T12:22:31.569Z - POST /api/preview
2025-06-23T12:22:31.578Z - GET /api/preview/assets/nu/assets/header_scripts.js
2025-06-23T12:22:31.578Z - GET /api/preview/assets/nu/assets/base.css
2025-06-23T12:22:31.581Z - GET /api/preview/assets/nu/assets/footer_scripts.js
2025-06-23T12:22:31.793Z - GET /api/projects/active
2025-06-23T12:22:31.837Z - GET /api/pages/basic
2025-06-23T12:22:31.837Z - GET /api/projects/nu/widgets
2025-06-23T12:22:31.838Z - GET /api/projects/active
2025-06-23T12:22:31.841Z - GET /api/pages/basic
2025-06-23T12:22:31.842Z - GET /api/projects/active
2025-06-23T12:22:31.845Z - GET /api/projects/nu/widgets
2025-06-23T12:22:31.853Z - GET /api/preview/global-widgets
2025-06-23T12:22:31.854Z - GET /api/themes/project/nu
2025-06-23T12:22:31.856Z - GET /api/themes/project/nu
2025-06-23T12:22:31.858Z - GET /api/preview/global-widgets
2025-06-23T12:22:31.890Z - GET /api/pages
2025-06-23T12:22:31.891Z - POST /api/preview
2025-06-23T12:22:31.895Z - POST /api/preview
2025-06-23T12:22:31.897Z - GET /api/pages
2025-06-23T12:22:31.959Z - POST /api/preview
2025-06-23T12:22:31.975Z - GET /api/preview/assets/nu/assets/base.css
2025-06-23T12:22:31.975Z - GET /api/preview/assets/nu/assets/header_scripts.js
2025-06-23T12:22:31.975Z - GET /api/preview/assets/nu/assets/footer_scripts.js
2025-06-23T12:22:32.187Z - GET /api/projects/active
2025-06-23T12:22:32.233Z - GET /api/pages/basic
2025-06-23T12:22:32.233Z - GET /api/projects/nu/widgets
2025-06-23T12:22:32.234Z - GET /api/projects/active
2025-06-23T12:22:32.237Z - GET /api/pages/basic
2025-06-23T12:22:32.239Z - GET /api/projects/active
2025-06-23T12:22:32.240Z - GET /api/projects/nu/widgets
2025-06-23T12:22:32.252Z - GET /api/preview/global-widgets
2025-06-23T12:22:32.252Z - GET /api/themes/project/nu
2025-06-23T12:22:32.255Z - GET /api/themes/project/nu
2025-06-23T12:22:32.256Z - GET /api/preview/global-widgets
2025-06-23T12:22:32.297Z - GET /api/pages
2025-06-23T12:22:32.298Z - POST /api/preview
2025-06-23T12:22:32.304Z - POST /api/preview
2025-06-23T12:22:32.305Z - GET /api/pages
2025-06-23T12:22:32.373Z - POST /api/preview
2025-06-23T12:22:32.386Z - GET /api/preview/assets/nu/assets/base.css
2025-06-23T12:22:32.387Z - GET /api/preview/assets/nu/assets/header_scripts.js
2025-06-23T12:22:32.388Z - GET /api/preview/assets/nu/assets/footer_scripts.js
2025-06-23T12:22:32.571Z - GET /api/projects/active
2025-06-23T12:22:32.622Z - GET /api/pages/basic
2025-06-23T12:22:32.623Z - GET /api/projects/nu/widgets
2025-06-23T12:22:32.623Z - GET /api/projects/active
2025-06-23T12:22:32.630Z - GET /api/projects/active
2025-06-23T12:22:32.629Z - GET /api/pages/basic
2025-06-23T12:22:32.631Z - GET /api/projects/nu/widgets
2025-06-23T12:22:32.639Z - GET /api/preview/global-widgets
2025-06-23T12:22:32.639Z - GET /api/themes/project/nu
2025-06-23T12:22:32.650Z - GET /api/themes/project/nu
2025-06-23T12:22:32.653Z - GET /api/preview/global-widgets
2025-06-23T12:22:32.717Z - GET /api/pages
2025-06-23T12:22:32.722Z - POST /api/preview
2025-06-23T12:22:32.724Z - GET /api/pages
2025-06-23T12:22:32.732Z - POST /api/preview
2025-06-23T12:22:32.849Z - POST /api/preview
2025-06-23T12:22:32.877Z - GET /api/preview/assets/nu/assets/base.css
2025-06-23T12:22:32.881Z - GET /api/preview/assets/nu/assets/header_scripts.js
2025-06-23T12:22:32.882Z - GET /api/preview/assets/nu/assets/footer_scripts.js
2025-06-23T12:22:33.158Z - GET /api/projects/active
2025-06-23T12:22:33.234Z - GET /api/pages/basic
2025-06-23T12:22:33.236Z - GET /api/projects/nu/widgets
2025-06-23T12:22:33.237Z - GET /api/projects/active
2025-06-23T12:22:33.239Z - GET /api/pages/basic
2025-06-23T12:22:33.242Z - GET /api/projects/active
2025-06-23T12:22:33.244Z - GET /api/projects/nu/widgets
2025-06-23T12:22:33.258Z - GET /api/preview/global-widgets
2025-06-23T12:22:33.263Z - GET /api/themes/project/nu
2025-06-23T12:22:33.267Z - GET /api/preview/global-widgets
2025-06-23T12:22:33.269Z - GET /api/themes/project/nu
2025-06-23T12:22:33.317Z - GET /api/pages
2025-06-23T12:22:33.319Z - POST /api/preview
2025-06-23T12:22:33.323Z - GET /api/pages
2025-06-23T12:22:33.328Z - POST /api/preview
2025-06-23T12:22:33.387Z - POST /api/preview
2025-06-23T12:22:33.419Z - GET /api/preview/assets/nu/assets/base.css
2025-06-23T12:22:33.419Z - GET /api/preview/assets/nu/assets/header_scripts.js
2025-06-23T12:22:33.420Z - GET /api/preview/assets/nu/assets/footer_scripts.js
2025-06-23T12:22:33.707Z - GET /api/projects/active
2025-06-23T12:22:33.766Z - GET /api/pages/basic
2025-06-23T12:22:33.766Z - GET /api/projects/nu/widgets
2025-06-23T12:22:33.766Z - GET /api/projects/active
2025-06-23T12:22:33.772Z - GET /api/pages/basic
2025-06-23T12:22:33.774Z - GET /api/projects/active
2025-06-23T12:22:33.776Z - GET /api/projects/nu/widgets
2025-06-23T12:22:33.790Z - GET /api/preview/global-widgets
2025-06-23T12:22:33.792Z - GET /api/themes/project/nu
2025-06-23T12:22:33.799Z - GET /api/preview/global-widgets
2025-06-23T12:22:33.799Z - GET /api/themes/project/nu
2025-06-23T12:22:33.843Z - GET /api/pages
2025-06-23T12:22:33.848Z - POST /api/preview
2025-06-23T12:22:33.851Z - GET /api/pages
2025-06-23T12:22:33.854Z - POST /api/preview
2025-06-23T12:22:33.925Z - POST /api/preview
2025-06-23T12:22:33.943Z - GET /api/preview/assets/nu/assets/base.css
2025-06-23T12:22:34.153Z - GET /api/projects/active
2025-06-23T12:22:34.199Z - GET /api/pages/basic
2025-06-23T12:22:34.200Z - GET /api/projects/nu/widgets
2025-06-23T12:22:34.200Z - GET /api/projects/active
2025-06-23T12:22:34.204Z - GET /api/pages/basic
2025-06-23T12:22:34.205Z - GET /api/projects/active
2025-06-23T12:22:34.208Z - GET /api/projects/nu/widgets
2025-06-23T12:22:34.222Z - GET /api/preview/global-widgets
2025-06-23T12:22:34.222Z - GET /api/themes/project/nu
2025-06-23T12:22:34.225Z - GET /api/themes/project/nu
2025-06-23T12:22:34.226Z - GET /api/preview/global-widgets
2025-06-23T12:22:34.287Z - GET /api/pages
2025-06-23T12:22:34.291Z - POST /api/preview
2025-06-23T12:22:34.293Z - GET /api/pages
2025-06-23T12:22:34.300Z - POST /api/preview
2025-06-23T12:22:34.372Z - POST /api/preview
2025-06-23T12:22:34.389Z - GET /api/preview/assets/nu/assets/base.css
2025-06-23T12:22:34.390Z - GET /api/preview/assets/nu/assets/footer_scripts.js
2025-06-23T12:22:34.674Z - GET /api/projects/active
2025-06-23T12:22:34.724Z - GET /api/pages/basic
2025-06-23T12:22:34.725Z - GET /api/projects/nu/widgets
2025-06-23T12:22:34.727Z - GET /api/projects/active
2025-06-23T12:22:34.734Z - GET /api/pages/basic
2025-06-23T12:22:34.735Z - GET /api/projects/active
2025-06-23T12:22:34.736Z - GET /api/projects/nu/widgets
2025-06-23T12:22:34.752Z - GET /api/preview/global-widgets
2025-06-23T12:22:34.753Z - GET /api/themes/project/nu
2025-06-23T12:22:34.759Z - GET /api/preview/global-widgets
2025-06-23T12:22:34.760Z - GET /api/themes/project/nu
2025-06-23T12:22:34.824Z - GET /api/pages
2025-06-23T12:22:34.831Z - POST /api/preview
2025-06-23T12:22:34.832Z - GET /api/pages
2025-06-23T12:22:34.839Z - POST /api/preview
2025-06-23T12:22:34.918Z - POST /api/preview
2025-06-23T12:22:34.937Z - GET /api/preview/assets/nu/assets/base.css
2025-06-23T12:22:34.938Z - GET /api/preview/assets/nu/assets/header_scripts.js
2025-06-23T12:22:34.938Z - GET /api/preview/assets/nu/assets/footer_scripts.js
2025-06-23T12:22:35.384Z - GET /api/projects/active
2025-06-23T12:22:36.219Z - GET /api/projects/active
2025-06-23T12:22:36.237Z - GET /api/pages/basic
2025-06-23T12:22:36.237Z - GET /api/projects/nu/widgets
2025-06-23T12:22:36.238Z - GET /api/projects/active
2025-06-23T12:22:36.245Z - GET /api/projects/active
2025-06-23T12:22:36.246Z - GET /api/pages/basic
2025-06-23T12:22:36.251Z - GET /api/themes/project/nu
2025-06-23T12:22:36.251Z - GET /api/preview/global-widgets
2025-06-23T12:22:36.254Z - GET /api/projects/nu/widgets
2025-06-23T12:22:36.255Z - GET /api/themes/project/nu
2025-06-23T12:22:36.258Z - GET /api/preview/global-widgets
2025-06-23T12:22:36.291Z - GET /api/pages
2025-06-23T12:22:36.305Z - POST /api/preview
2025-06-23T12:22:36.306Z - POST /api/preview
2025-06-23T12:22:36.306Z - GET /api/pages
2025-06-23T12:22:36.392Z - POST /api/preview
2025-06-23T12:22:36.598Z - GET /api/projects/active
2025-06-23T12:22:36.648Z - GET /api/pages/basic
2025-06-23T12:22:36.650Z - GET /api/projects/active
2025-06-23T12:22:36.650Z - GET /api/projects/nu/widgets
2025-06-23T12:22:36.653Z - GET /api/pages/basic
2025-06-23T12:22:36.655Z - GET /api/projects/active
2025-06-23T12:22:36.659Z - GET /api/projects/nu/widgets
2025-06-23T12:22:36.671Z - GET /api/preview/global-widgets
2025-06-23T12:22:36.671Z - GET /api/themes/project/nu
2025-06-23T12:22:36.675Z - GET /api/themes/project/nu
2025-06-23T12:22:36.675Z - GET /api/preview/global-widgets
2025-06-23T12:22:36.719Z - GET /api/pages
2025-06-23T12:22:36.721Z - POST /api/preview
2025-06-23T12:22:36.724Z - GET /api/pages
2025-06-23T12:22:36.725Z - POST /api/preview
2025-06-23T12:22:36.801Z - POST /api/preview
2025-06-23T12:22:36.822Z - GET /api/preview/assets/nu/assets/base.css
2025-06-23T12:22:36.823Z - GET /api/preview/assets/nu/assets/header_scripts.js
2025-06-23T12:22:37.126Z - GET /api/projects/active
2025-06-23T12:22:37.176Z - GET /api/pages/basic
2025-06-23T12:22:37.176Z - GET /api/projects/nu/widgets
2025-06-23T12:22:37.179Z - GET /api/projects/active
2025-06-23T12:22:37.183Z - GET /api/pages/basic
2025-06-23T12:22:37.185Z - GET /api/projects/active
2025-06-23T12:22:37.187Z - GET /api/projects/nu/widgets
2025-06-23T12:22:37.205Z - GET /api/preview/global-widgets
2025-06-23T12:22:37.205Z - GET /api/themes/project/nu
2025-06-23T12:22:37.209Z - GET /api/themes/project/nu
2025-06-23T12:22:37.212Z - GET /api/preview/global-widgets
2025-06-23T12:22:37.258Z - GET /api/pages
2025-06-23T12:22:37.261Z - POST /api/preview
2025-06-23T12:22:37.263Z - GET /api/pages
2025-06-23T12:22:37.268Z - POST /api/preview
2025-06-23T12:22:37.332Z - POST /api/preview
2025-06-23T12:22:37.345Z - GET /api/preview/assets/nu/assets/base.css
2025-06-23T12:22:37.346Z - GET /api/preview/assets/nu/assets/header_scripts.js
2025-06-23T12:22:37.352Z - GET /api/preview/assets/nu/assets/footer_scripts.js
2025-06-23T12:22:37.600Z - GET /api/projects/active
2025-06-23T12:22:37.658Z - GET /api/pages/basic
2025-06-23T12:22:37.659Z - GET /api/projects/nu/widgets
2025-06-23T12:22:37.660Z - GET /api/projects/active
2025-06-23T12:22:37.666Z - GET /api/pages/basic
2025-06-23T12:22:37.668Z - GET /api/projects/active
2025-06-23T12:22:37.669Z - GET /api/projects/nu/widgets
2025-06-23T12:22:37.677Z - GET /api/preview/global-widgets
2025-06-23T12:22:37.681Z - GET /api/themes/project/nu
2025-06-23T12:22:37.683Z - GET /api/preview/global-widgets
2025-06-23T12:22:37.686Z - GET /api/themes/project/nu
2025-06-23T12:22:37.719Z - GET /api/pages
2025-06-23T12:22:37.720Z - POST /api/preview
2025-06-23T12:22:37.725Z - GET /api/pages
2025-06-23T12:22:37.724Z - POST /api/preview
2025-06-23T12:22:37.795Z - POST /api/preview
2025-06-23T12:22:37.826Z - GET /api/preview/assets/nu/assets/base.css
2025-06-23T12:22:37.826Z - GET /api/preview/assets/nu/assets/header_scripts.js
2025-06-23T12:22:37.835Z - GET /api/preview/assets/nu/assets/footer_scripts.js
2025-06-23T12:22:38.052Z - GET /api/projects/active
2025-06-23T12:22:38.109Z - GET /api/pages/basic
2025-06-23T12:22:38.110Z - GET /api/projects/nu/widgets
2025-06-23T12:22:38.115Z - GET /api/projects/active
2025-06-23T12:22:38.117Z - GET /api/pages/basic
2025-06-23T12:22:38.118Z - GET /api/projects/active
2025-06-23T12:22:38.120Z - GET /api/projects/nu/widgets
2025-06-23T12:22:38.134Z - GET /api/preview/global-widgets
2025-06-23T12:22:38.136Z - GET /api/themes/project/nu
2025-06-23T12:22:38.139Z - GET /api/preview/global-widgets
2025-06-23T12:22:38.141Z - GET /api/themes/project/nu
2025-06-23T12:22:38.190Z - GET /api/pages
2025-06-23T12:22:38.196Z - POST /api/preview
2025-06-23T12:22:38.197Z - GET /api/pages
2025-06-23T12:22:38.199Z - POST /api/preview
2025-06-23T12:22:38.261Z - POST /api/preview
2025-06-23T12:22:38.283Z - GET /api/preview/assets/nu/assets/base.css
2025-06-23T12:22:38.283Z - GET /api/preview/assets/nu/assets/header_scripts.js
2025-06-23T12:22:38.284Z - GET /api/preview/assets/nu/assets/footer_scripts.js
2025-06-23T12:22:38.533Z - GET /api/projects/active
2025-06-23T12:22:38.585Z - GET /api/pages/basic
2025-06-23T12:22:38.585Z - GET /api/projects/nu/widgets
2025-06-23T12:22:38.586Z - GET /api/projects/active
2025-06-23T12:22:38.590Z - GET /api/pages/basic
2025-06-23T12:22:38.590Z - GET /api/projects/active
2025-06-23T12:22:38.591Z - GET /api/projects/nu/widgets
2025-06-23T12:22:38.603Z - GET /api/preview/global-widgets
2025-06-23T12:22:38.604Z - GET /api/themes/project/nu
2025-06-23T12:22:38.608Z - GET /api/preview/global-widgets
2025-06-23T12:22:38.609Z - GET /api/themes/project/nu
2025-06-23T12:22:38.649Z - GET /api/pages
2025-06-23T12:22:38.650Z - POST /api/preview
2025-06-23T12:22:38.654Z - GET /api/pages
2025-06-23T12:22:38.655Z - POST /api/preview
2025-06-23T12:22:38.727Z - POST /api/preview
2025-06-23T12:22:38.748Z - GET /api/preview/assets/nu/assets/header_scripts.js
2025-06-23T12:22:38.748Z - GET /api/preview/assets/nu/assets/footer_scripts.js
2025-06-23T12:22:38.969Z - GET /api/projects/active
2025-06-23T12:22:39.019Z - GET /api/pages/basic
2025-06-23T12:22:39.021Z - GET /api/projects/active
2025-06-23T12:22:39.021Z - GET /api/projects/nu/widgets
2025-06-23T12:22:39.026Z - GET /api/pages/basic
2025-06-23T12:22:39.028Z - GET /api/projects/active
2025-06-23T12:22:39.032Z - GET /api/projects/nu/widgets
2025-06-23T12:22:39.038Z - GET /api/preview/global-widgets
2025-06-23T12:22:39.042Z - GET /api/themes/project/nu
2025-06-23T12:22:39.048Z - GET /api/preview/global-widgets
2025-06-23T12:22:39.048Z - GET /api/themes/project/nu
2025-06-23T12:22:39.095Z - GET /api/pages
2025-06-23T12:22:39.095Z - POST /api/preview
2025-06-23T12:22:39.101Z - POST /api/preview
2025-06-23T12:22:39.101Z - GET /api/pages
2025-06-23T12:22:39.183Z - POST /api/preview
2025-06-23T12:22:39.204Z - GET /api/preview/assets/nu/assets/base.css
2025-06-23T12:22:39.447Z - GET /api/projects/active
2025-06-23T12:22:39.499Z - GET /api/pages/basic
2025-06-23T12:22:39.501Z - GET /api/projects/nu/widgets
2025-06-23T12:22:39.502Z - GET /api/projects/active
2025-06-23T12:22:39.505Z - GET /api/pages/basic
2025-06-23T12:22:39.507Z - GET /api/projects/active
2025-06-23T12:22:39.510Z - GET /api/projects/nu/widgets
2025-06-23T12:22:39.523Z - GET /api/preview/global-widgets
2025-06-23T12:22:39.524Z - GET /api/themes/project/nu
2025-06-23T12:22:39.528Z - GET /api/themes/project/nu
2025-06-23T12:22:39.529Z - GET /api/preview/global-widgets
2025-06-23T12:22:39.588Z - GET /api/pages
2025-06-23T12:22:39.590Z - POST /api/preview
2025-06-23T12:22:39.595Z - GET /api/pages
2025-06-23T12:22:39.596Z - POST /api/preview
2025-06-23T12:22:39.665Z - POST /api/preview
2025-06-23T12:22:39.688Z - GET /api/preview/assets/nu/assets/base.css
2025-06-23T12:22:39.690Z - GET /api/preview/assets/nu/assets/header_scripts.js
2025-06-23T12:22:39.917Z - GET /api/projects/active
2025-06-23T12:22:39.976Z - GET /api/pages/basic
2025-06-23T12:22:39.977Z - GET /api/projects/nu/widgets
2025-06-23T12:22:39.978Z - GET /api/projects/active
2025-06-23T12:22:39.982Z - GET /api/projects/active
2025-06-23T12:22:39.985Z - GET /api/pages/basic
2025-06-23T12:22:39.987Z - GET /api/projects/nu/widgets
2025-06-23T12:22:39.993Z - GET /api/themes/project/nu
2025-06-23T12:22:39.997Z - GET /api/preview/global-widgets
2025-06-23T12:22:40.001Z - GET /api/themes/project/nu
2025-06-23T12:22:40.036Z - GET /api/pages
2025-06-23T12:22:40.038Z - POST /api/preview
2025-06-23T12:22:40.042Z - GET /api/pages
2025-06-23T12:22:40.044Z - POST /api/preview
2025-06-23T12:22:40.201Z - GET /api/projects/active
2025-06-23T12:22:40.247Z - GET /api/pages/basic
2025-06-23T12:22:40.251Z - GET /api/projects/nu/widgets
2025-06-23T12:22:40.252Z - GET /api/projects/active
2025-06-23T12:22:40.253Z - GET /api/pages/basic
2025-06-23T12:22:40.257Z - GET /api/projects/active
2025-06-23T12:22:40.258Z - GET /api/projects/nu/widgets
2025-06-23T12:22:40.270Z - GET /api/preview/global-widgets
2025-06-23T12:22:40.270Z - GET /api/themes/project/nu
2025-06-23T12:22:40.275Z - GET /api/themes/project/nu
2025-06-23T12:22:40.276Z - GET /api/preview/global-widgets
2025-06-23T12:22:40.319Z - GET /api/pages
2025-06-23T12:22:40.319Z - POST /api/preview
2025-06-23T12:22:40.323Z - POST /api/preview
2025-06-23T12:22:40.325Z - GET /api/pages
2025-06-23T12:22:40.394Z - POST /api/preview
2025-06-23T12:22:40.407Z - GET /api/preview/assets/nu/assets/base.css
2025-06-23T12:22:40.409Z - GET /api/preview/assets/nu/assets/header_scripts.js
2025-06-23T12:22:40.410Z - GET /api/preview/assets/nu/assets/footer_scripts.js
2025-06-23T12:22:40.612Z - GET /api/projects/active
2025-06-23T12:22:40.652Z - GET /api/pages/basic
2025-06-23T12:22:40.652Z - GET /api/projects/nu/widgets
2025-06-23T12:22:40.653Z - GET /api/projects/active
2025-06-23T12:22:40.657Z - GET /api/pages/basic
2025-06-23T12:22:40.660Z - GET /api/projects/active
2025-06-23T12:22:40.662Z - GET /api/projects/nu/widgets
2025-06-23T12:22:40.671Z - GET /api/preview/global-widgets
2025-06-23T12:22:40.671Z - GET /api/themes/project/nu
2025-06-23T12:22:40.682Z - GET /api/preview/global-widgets
2025-06-23T12:22:40.683Z - GET /api/themes/project/nu
2025-06-23T12:22:40.737Z - GET /api/pages
2025-06-23T12:22:40.740Z - POST /api/preview
2025-06-23T12:22:40.742Z - GET /api/pages
2025-06-23T12:22:40.745Z - POST /api/preview
2025-06-23T12:22:40.809Z - POST /api/preview
2025-06-23T12:22:40.994Z - GET /api/projects/active
2025-06-23T12:22:41.041Z - GET /api/pages/basic
2025-06-23T12:22:41.043Z - GET /api/projects/nu/widgets
2025-06-23T12:22:41.043Z - GET /api/projects/active
2025-06-23T12:22:41.047Z - GET /api/projects/active
2025-06-23T12:22:41.048Z - GET /api/pages/basic
2025-06-23T12:22:41.051Z - GET /api/projects/nu/widgets
2025-06-23T12:22:41.062Z - GET /api/themes/project/nu
2025-06-23T12:22:41.063Z - GET /api/preview/global-widgets
2025-06-23T12:22:41.067Z - GET /api/themes/project/nu
2025-06-23T12:22:41.068Z - GET /api/preview/global-widgets
2025-06-23T12:22:41.105Z - GET /api/pages
2025-06-23T12:22:41.112Z - POST /api/preview
2025-06-23T12:22:41.115Z - GET /api/pages
2025-06-23T12:22:41.118Z - POST /api/preview
2025-06-23T12:22:41.188Z - POST /api/preview
2025-06-23T12:22:41.205Z - GET /api/preview/assets/nu/assets/base.css
2025-06-23T12:22:41.206Z - GET /api/preview/assets/nu/assets/header_scripts.js
2025-06-23T12:22:41.207Z - GET /api/preview/assets/nu/assets/footer_scripts.js
2025-06-23T12:22:41.410Z - GET /api/projects/active
2025-06-23T12:22:41.454Z - GET /api/pages/basic
2025-06-23T12:22:41.455Z - GET /api/projects/nu/widgets
2025-06-23T12:22:41.456Z - GET /api/projects/active
2025-06-23T12:22:41.460Z - GET /api/pages/basic
2025-06-23T12:22:41.464Z - GET /api/projects/active
2025-06-23T12:22:41.468Z - GET /api/projects/nu/widgets
2025-06-23T12:22:41.484Z - GET /api/preview/global-widgets
2025-06-23T12:22:41.488Z - GET /api/themes/project/nu
2025-06-23T12:22:41.490Z - GET /api/preview/global-widgets
2025-06-23T12:22:41.493Z - GET /api/themes/project/nu
2025-06-23T12:22:41.564Z - GET /api/pages
2025-06-23T12:22:41.571Z - POST /api/preview
2025-06-23T12:22:41.571Z - GET /api/pages
2025-06-23T12:22:41.574Z - POST /api/preview
2025-06-23T12:22:41.677Z - POST /api/preview
2025-06-23T12:22:41.732Z - GET /api/preview/assets/nu/assets/base.css
2025-06-23T12:22:41.735Z - GET /api/preview/assets/nu/assets/header_scripts.js
2025-06-23T12:22:41.736Z - GET /api/preview/assets/nu/assets/footer_scripts.js
2025-06-23T12:22:42.065Z - GET /api/projects/active
2025-06-23T12:22:42.154Z - GET /api/pages/basic
2025-06-23T12:22:42.155Z - GET /api/projects/nu/widgets
2025-06-23T12:22:42.157Z - GET /api/projects/active
2025-06-23T12:22:42.160Z - GET /api/pages/basic
2025-06-23T12:22:42.162Z - GET /api/projects/active
2025-06-23T12:22:42.165Z - GET /api/projects/nu/widgets
2025-06-23T12:22:42.184Z - GET /api/preview/global-widgets
2025-06-23T12:22:42.184Z - GET /api/themes/project/nu
2025-06-23T12:22:42.240Z - GET /api/pages
2025-06-23T12:22:42.245Z - POST /api/preview
2025-06-23T12:22:42.249Z - GET /api/pages
2025-06-23T12:22:42.254Z - POST /api/preview
2025-06-23T12:22:42.504Z - GET /api/projects/active
2025-06-23T12:22:42.572Z - GET /api/pages/basic
2025-06-23T12:22:42.575Z - GET /api/projects/nu/widgets
2025-06-23T12:22:42.576Z - GET /api/projects/active
2025-06-23T12:22:42.578Z - GET /api/pages/basic
2025-06-23T12:22:42.580Z - GET /api/projects/active
2025-06-23T12:22:42.583Z - GET /api/projects/nu/widgets
2025-06-23T12:22:42.602Z - GET /api/preview/global-widgets
2025-06-23T12:22:42.603Z - GET /api/themes/project/nu
2025-06-23T12:22:42.609Z - GET /api/preview/global-widgets
2025-06-23T12:22:42.610Z - GET /api/themes/project/nu
2025-06-23T12:22:42.672Z - GET /api/pages
2025-06-23T12:22:42.677Z - POST /api/preview
2025-06-23T12:22:42.679Z - GET /api/pages
2025-06-23T12:22:42.689Z - POST /api/preview
2025-06-23T12:22:42.819Z - POST /api/preview
2025-06-23T12:22:43.127Z - GET /api/projects/active
2025-06-23T12:22:43.210Z - GET /api/pages/basic
2025-06-23T12:22:43.212Z - GET /api/projects/nu/widgets
2025-06-23T12:22:43.212Z - GET /api/projects/active
2025-06-23T12:22:43.215Z - GET /api/pages/basic
2025-06-23T12:22:43.218Z - GET /api/projects/active
2025-06-23T12:22:43.219Z - GET /api/projects/nu/widgets
2025-06-23T12:22:43.235Z - GET /api/preview/global-widgets
2025-06-23T12:22:43.286Z - GET /api/pages
2025-06-23T12:22:43.287Z - POST /api/preview
2025-06-23T12:22:43.292Z - GET /api/pages
2025-06-23T12:22:43.296Z - POST /api/preview
2025-06-23T12:22:43.493Z - GET /api/projects/active
2025-06-23T12:22:43.571Z - GET /api/pages/basic
2025-06-23T12:22:43.575Z - GET /api/projects/nu/widgets
2025-06-23T12:22:43.578Z - GET /api/projects/active
2025-06-23T12:22:43.579Z - GET /api/pages/basic
2025-06-23T12:22:43.583Z - GET /api/projects/nu/widgets
2025-06-23T12:22:43.583Z - GET /api/projects/active
2025-06-23T12:22:43.596Z - GET /api/preview/global-widgets
2025-06-23T12:22:43.599Z - GET /api/themes/project/nu
2025-06-23T12:22:43.659Z - GET /api/pages
2025-06-23T12:22:43.664Z - POST /api/preview
2025-06-23T12:22:43.668Z - GET /api/pages
2025-06-23T12:22:43.674Z - POST /api/preview
2025-06-23T12:22:43.926Z - GET /api/projects/active
2025-06-23T12:22:44.010Z - GET /api/pages/basic
2025-06-23T12:22:44.011Z - GET /api/projects/nu/widgets
2025-06-23T12:22:44.011Z - GET /api/projects/active
2025-06-23T12:22:44.018Z - GET /api/projects/active
2025-06-23T12:22:44.019Z - GET /api/pages/basic
2025-06-23T12:22:44.021Z - GET /api/projects/nu/widgets
2025-06-23T12:22:44.035Z - GET /api/themes/project/nu
2025-06-23T12:22:44.037Z - GET /api/preview/global-widgets
2025-06-23T12:22:44.095Z - GET /api/pages
2025-06-23T12:22:44.101Z - POST /api/preview
2025-06-23T12:22:44.103Z - GET /api/pages
2025-06-23T12:22:44.110Z - POST /api/preview
2025-06-23T12:22:44.367Z - GET /api/projects/active
2025-06-23T12:22:44.430Z - GET /api/pages/basic
2025-06-23T12:22:44.433Z - GET /api/projects/nu/widgets
2025-06-23T12:22:44.433Z - GET /api/projects/active
2025-06-23T12:22:44.437Z - GET /api/pages/basic
2025-06-23T12:22:44.439Z - GET /api/projects/active
2025-06-23T12:22:44.442Z - GET /api/projects/nu/widgets
2025-06-23T12:22:44.454Z - GET /api/preview/global-widgets
2025-06-23T12:22:44.454Z - GET /api/themes/project/nu
2025-06-23T12:22:44.460Z - GET /api/themes/project/nu
2025-06-23T12:22:44.461Z - GET /api/preview/global-widgets
2025-06-23T12:22:44.507Z - GET /api/pages
2025-06-23T12:22:44.512Z - POST /api/preview
2025-06-23T12:22:44.514Z - GET /api/pages
2025-06-23T12:22:44.521Z - POST /api/preview
2025-06-23T12:22:44.592Z - POST /api/preview
2025-06-23T12:22:44.617Z - GET /api/preview/assets/nu/assets/base.css
2025-06-23T12:22:44.618Z - GET /api/preview/assets/nu/assets/header_scripts.js
2025-06-23T12:22:44.618Z - GET /api/preview/assets/nu/assets/footer_scripts.js
2025-06-23T12:22:44.880Z - GET /api/projects/active
2025-06-23T12:22:44.939Z - GET /api/pages/basic
2025-06-23T12:22:44.940Z - GET /api/projects/nu/widgets
2025-06-23T12:22:44.942Z - GET /api/projects/active
2025-06-23T12:22:44.947Z - GET /api/pages/basic
2025-06-23T12:22:44.949Z - GET /api/projects/active
2025-06-23T12:22:44.951Z - GET /api/projects/nu/widgets
2025-06-23T12:22:44.971Z - GET /api/themes/project/nu
2025-06-23T12:22:44.971Z - GET /api/preview/global-widgets
2025-06-23T12:22:44.977Z - GET /api/themes/project/nu
2025-06-23T12:22:44.979Z - GET /api/preview/global-widgets
2025-06-23T12:22:45.020Z - GET /api/pages
2025-06-23T12:22:45.021Z - POST /api/preview
2025-06-23T12:22:45.028Z - GET /api/pages
2025-06-23T12:22:45.029Z - POST /api/preview
2025-06-23T12:22:45.162Z - POST /api/preview
2025-06-23T12:22:45.183Z - GET /api/preview/assets/nu/assets/base.css
2025-06-23T12:22:45.185Z - GET /api/preview/assets/nu/assets/header_scripts.js
2025-06-23T12:22:45.186Z - GET /api/preview/assets/nu/assets/footer_scripts.js
2025-06-23T12:22:45.431Z - GET /api/projects/active
2025-06-23T12:22:45.502Z - GET /api/pages/basic
2025-06-23T12:22:45.504Z - GET /api/projects/active
2025-06-23T12:22:45.504Z - GET /api/projects/nu/widgets
2025-06-23T12:22:45.510Z - GET /api/pages/basic
2025-06-23T12:22:45.512Z - GET /api/projects/active
2025-06-23T12:22:45.514Z - GET /api/projects/nu/widgets
2025-06-23T12:22:45.529Z - GET /api/preview/global-widgets
2025-06-23T12:22:45.530Z - GET /api/themes/project/nu
2025-06-23T12:22:45.581Z - GET /api/pages
2025-06-23T12:22:45.587Z - POST /api/preview
2025-06-23T12:22:45.589Z - GET /api/pages
2025-06-23T12:22:46.049Z - GET /api/projects/active
2025-06-23T12:22:46.112Z - GET /api/projects/nu/widgets
2025-06-23T12:22:46.111Z - GET /api/pages/basic
2025-06-23T12:22:46.114Z - GET /api/projects/active
2025-06-23T12:22:46.119Z - GET /api/pages/basic
2025-06-23T12:22:46.120Z - GET /api/projects/active
2025-06-23T12:22:46.121Z - GET /api/projects/nu/widgets
2025-06-23T12:22:46.132Z - GET /api/preview/global-widgets
2025-06-23T12:22:46.132Z - GET /api/themes/project/nu
2025-06-23T12:22:46.136Z - GET /api/themes/project/nu
2025-06-23T12:22:46.137Z - GET /api/preview/global-widgets
2025-06-23T12:22:46.181Z - GET /api/pages
2025-06-23T12:22:46.182Z - POST /api/preview
2025-06-23T12:22:46.186Z - POST /api/preview
2025-06-23T12:22:46.187Z - GET /api/pages
2025-06-23T12:22:46.246Z - POST /api/preview
2025-06-23T12:22:46.264Z - GET /api/preview/assets/nu/assets/base.css
2025-06-23T12:22:46.265Z - GET /api/preview/assets/nu/assets/header_scripts.js
2025-06-23T12:22:46.267Z - GET /api/preview/assets/nu/assets/footer_scripts.js
2025-06-23T12:22:46.577Z - GET /api/projects/active
2025-06-23T12:22:46.643Z - GET /api/pages/basic
2025-06-23T12:22:46.644Z - GET /api/projects/nu/widgets
2025-06-23T12:22:46.644Z - GET /api/projects/active
2025-06-23T12:22:46.649Z - GET /api/pages/basic
2025-06-23T12:22:46.651Z - GET /api/projects/active
2025-06-23T12:22:46.652Z - GET /api/projects/nu/widgets
2025-06-23T12:22:46.667Z - GET /api/preview/global-widgets
2025-06-23T12:22:46.669Z - GET /api/themes/project/nu
2025-06-23T12:22:46.717Z - GET /api/pages
2025-06-23T12:22:46.722Z - POST /api/preview
2025-06-23T12:22:46.723Z - GET /api/pages
2025-06-23T12:22:46.727Z - POST /api/preview
2025-06-23T12:22:46.942Z - GET /api/projects/active
2025-06-23T12:22:47.012Z - GET /api/pages/basic
2025-06-23T12:22:47.013Z - GET /api/projects/nu/widgets
2025-06-23T12:22:47.015Z - GET /api/projects/active
2025-06-23T12:22:47.018Z - GET /api/pages/basic
2025-06-23T12:22:47.020Z - GET /api/projects/active
2025-06-23T12:22:47.023Z - GET /api/projects/nu/widgets
2025-06-23T12:22:47.034Z - GET /api/themes/project/nu
2025-06-23T12:22:47.033Z - GET /api/preview/global-widgets
2025-06-23T12:22:47.040Z - GET /api/preview/global-widgets
2025-06-23T12:22:47.041Z - GET /api/themes/project/nu
2025-06-23T12:22:47.086Z - GET /api/pages
2025-06-23T12:22:47.089Z - POST /api/preview
2025-06-23T12:22:47.091Z - GET /api/pages
2025-06-23T12:22:47.096Z - POST /api/preview
2025-06-23T12:22:47.281Z - GET /api/projects/active
2025-06-23T12:22:47.322Z - GET /api/pages/basic
2025-06-23T12:22:47.323Z - GET /api/projects/nu/widgets
2025-06-23T12:22:47.325Z - GET /api/projects/active
2025-06-23T12:22:47.328Z - GET /api/pages/basic
2025-06-23T12:22:47.331Z - GET /api/projects/active
2025-06-23T12:22:47.332Z - GET /api/projects/nu/widgets
2025-06-23T12:22:47.340Z - GET /api/preview/global-widgets
2025-06-23T12:22:47.340Z - GET /api/themes/project/nu
2025-06-23T12:22:47.344Z - GET /api/themes/project/nu
2025-06-23T12:22:47.346Z - GET /api/preview/global-widgets
2025-06-23T12:22:47.385Z - GET /api/pages
2025-06-23T12:22:47.386Z - POST /api/preview
2025-06-23T12:22:47.391Z - GET /api/pages
2025-06-23T12:22:47.394Z - POST /api/preview
2025-06-23T12:22:47.466Z - POST /api/preview
2025-06-23T12:22:47.486Z - GET /api/preview/assets/nu/assets/base.css
2025-06-23T12:22:47.691Z - GET /api/projects/active
2025-06-23T12:22:47.735Z - GET /api/projects/nu/widgets
2025-06-23T12:22:47.734Z - GET /api/pages/basic
2025-06-23T12:22:47.735Z - GET /api/projects/active
2025-06-23T12:22:47.740Z - GET /api/projects/active
2025-06-23T12:22:47.741Z - GET /api/pages/basic
2025-06-23T12:22:47.744Z - GET /api/projects/nu/widgets
2025-06-23T12:22:47.751Z - GET /api/themes/project/nu
2025-06-23T12:22:47.753Z - GET /api/preview/global-widgets
2025-06-23T12:22:47.756Z - GET /api/themes/project/nu
2025-06-23T12:22:47.758Z - GET /api/preview/global-widgets
2025-06-23T12:22:47.819Z - GET /api/pages
2025-06-23T12:22:47.825Z - POST /api/preview
2025-06-23T12:22:47.827Z - GET /api/pages
2025-06-23T12:22:47.834Z - POST /api/preview
2025-06-23T12:22:47.915Z - POST /api/preview
2025-06-23T12:22:47.928Z - GET /api/preview/assets/nu/assets/base.css
2025-06-23T12:22:47.929Z - GET /api/preview/assets/nu/assets/header_scripts.js
2025-06-23T12:22:47.932Z - GET /api/preview/assets/nu/assets/footer_scripts.js
2025-06-23T12:22:48.239Z - GET /api/projects/active
2025-06-23T12:22:48.300Z - GET /api/pages/basic
2025-06-23T12:22:48.301Z - GET /api/projects/nu/widgets
2025-06-23T12:22:48.301Z - GET /api/projects/active
2025-06-23T12:22:48.305Z - GET /api/projects/active
2025-06-23T12:22:48.308Z - GET /api/pages/basic
2025-06-23T12:22:48.310Z - GET /api/projects/nu/widgets
2025-06-23T12:22:48.325Z - GET /api/themes/project/nu
2025-06-23T12:22:48.326Z - GET /api/preview/global-widgets
2025-06-23T12:22:48.330Z - GET /api/themes/project/nu
2025-06-23T12:22:48.334Z - GET /api/preview/global-widgets
2025-06-23T12:22:48.378Z - GET /api/pages
2025-06-23T12:22:48.381Z - POST /api/preview
2025-06-23T12:22:48.384Z - GET /api/pages
2025-06-23T12:22:48.389Z - POST /api/preview
2025-06-23T12:22:48.453Z - POST /api/preview
2025-06-23T12:22:48.471Z - GET /api/preview/assets/nu/assets/base.css
2025-06-23T12:22:48.472Z - GET /api/preview/assets/nu/assets/header_scripts.js
2025-06-23T12:22:48.476Z - GET /api/preview/assets/nu/assets/footer_scripts.js
2025-06-23T12:22:48.752Z - GET /api/projects/active
2025-06-23T12:22:48.861Z - GET /api/pages/basic
2025-06-23T12:22:48.863Z - GET /api/projects/nu/widgets
2025-06-23T12:22:48.864Z - GET /api/projects/active
2025-06-23T12:22:48.870Z - GET /api/pages/basic
2025-06-23T12:22:48.874Z - GET /api/projects/active
2025-06-23T12:22:48.877Z - GET /api/projects/nu/widgets
2025-06-23T12:22:49.116Z - GET /api/projects/active
2025-06-23T12:22:49.180Z - GET /api/pages/basic
2025-06-23T12:22:49.181Z - GET /api/projects/nu/widgets
2025-06-23T12:22:49.182Z - GET /api/projects/active
2025-06-23T12:22:49.185Z - GET /api/pages/basic
2025-06-23T12:22:49.187Z - GET /api/projects/active
2025-06-23T12:22:49.188Z - GET /api/projects/nu/widgets
2025-06-23T12:22:49.199Z - GET /api/preview/global-widgets
2025-06-23T12:22:49.200Z - GET /api/themes/project/nu
2025-06-23T12:22:49.203Z - GET /api/themes/project/nu
2025-06-23T12:22:49.204Z - GET /api/preview/global-widgets
2025-06-23T12:22:49.247Z - GET /api/pages
2025-06-23T12:22:49.250Z - POST /api/preview
2025-06-23T12:22:49.251Z - GET /api/pages
2025-06-23T12:22:49.252Z - POST /api/preview
2025-06-23T12:22:49.316Z - POST /api/preview
2025-06-23T12:22:49.331Z - GET /api/preview/assets/nu/assets/header_scripts.js
2025-06-23T12:22:49.331Z - GET /api/preview/assets/nu/assets/base.css
2025-06-23T12:22:49.331Z - GET /api/preview/assets/nu/assets/footer_scripts.js
2025-06-23T12:22:49.542Z - GET /api/projects/active
2025-06-23T12:22:49.592Z - GET /api/projects/nu/widgets
2025-06-23T12:22:49.592Z - GET /api/projects/active
2025-06-23T12:22:49.591Z - GET /api/pages/basic
2025-06-23T12:22:49.598Z - GET /api/projects/active
2025-06-23T12:22:49.600Z - GET /api/pages/basic
2025-06-23T12:22:49.601Z - GET /api/projects/nu/widgets
2025-06-23T12:22:49.610Z - GET /api/themes/project/nu
2025-06-23T12:22:49.615Z - GET /api/preview/global-widgets
2025-06-23T12:22:49.616Z - GET /api/themes/project/nu
2025-06-23T12:22:49.618Z - GET /api/preview/global-widgets
2025-06-23T12:22:49.674Z - POST /api/preview
2025-06-23T12:22:49.674Z - GET /api/pages
2025-06-23T12:22:49.676Z - POST /api/preview
2025-06-23T12:22:49.680Z - GET /api/pages
2025-06-23T12:22:49.833Z - POST /api/preview
2025-06-23T12:22:50.099Z - GET /api/projects/active
2025-06-23T12:22:50.185Z - GET /api/settings
2025-06-23T12:22:50.186Z - GET /api/pages
2025-06-23T12:22:50.191Z - GET /api/settings
2025-06-23T12:22:50.471Z - GET /api/projects/active
2025-06-23T12:22:50.575Z - GET /api/settings
2025-06-23T12:22:50.576Z - GET /api/pages
2025-06-23T12:22:50.578Z - GET /api/settings
2025-06-23T12:22:50.826Z - GET /api/projects/active
2025-06-23T12:22:50.890Z - GET /api/settings
2025-06-23T12:22:50.891Z - GET /api/pages
2025-06-23T12:22:50.895Z - GET /api/settings
2025-06-23T12:22:50.896Z - GET /api/pages
2025-06-23T12:22:51.118Z - GET /api/projects/active
2025-06-23T12:22:51.188Z - GET /api/settings
2025-06-23T12:22:51.188Z - GET /api/pages
2025-06-23T12:22:51.193Z - GET /api/settings
2025-06-23T12:22:51.194Z - GET /api/pages
2025-06-23T12:22:51.379Z - GET /api/projects/active
2025-06-23T12:22:51.456Z - GET /api/settings
2025-06-23T12:22:51.457Z - GET /api/pages
2025-06-23T12:22:51.461Z - GET /api/settings
2025-06-23T12:22:51.462Z - GET /api/pages
2025-06-23T12:22:51.676Z - GET /api/projects/active
2025-06-23T12:22:51.749Z - GET /api/settings
2025-06-23T12:22:51.750Z - GET /api/pages
2025-06-23T12:22:51.752Z - GET /api/settings
2025-06-23T12:22:51.755Z - GET /api/pages
2025-06-23T12:22:51.938Z - GET /api/projects/active
2025-06-23T12:22:52.006Z - GET /api/settings
2025-06-23T12:22:52.007Z - GET /api/pages
2025-06-23T12:22:52.011Z - GET /api/settings
2025-06-23T12:22:52.012Z - GET /api/pages
2025-06-23T12:22:52.199Z - GET /api/projects/active
2025-06-23T12:22:52.273Z - GET /api/settings
2025-06-23T12:22:52.274Z - GET /api/pages
2025-06-23T12:22:52.279Z - GET /api/settings
2025-06-23T12:22:52.282Z - GET /api/pages
2025-06-23T12:22:52.489Z - GET /api/projects/active
2025-06-23T12:22:52.578Z - GET /api/settings
2025-06-23T12:22:52.580Z - GET /api/pages
2025-06-23T12:22:52.583Z - GET /api/settings
2025-06-23T12:22:52.585Z - GET /api/pages
2025-06-23T12:22:52.803Z - GET /api/projects/active
2025-06-23T12:22:52.866Z - GET /api/pages
2025-06-23T12:22:52.867Z - GET /api/settings
2025-06-23T12:22:52.872Z - GET /api/settings
2025-06-23T12:22:52.875Z - GET /api/pages
2025-06-23T12:22:53.097Z - GET /api/projects/active
2025-06-23T12:22:53.171Z - GET /api/settings
2025-06-23T12:22:53.173Z - GET /api/pages
2025-06-23T12:22:53.176Z - GET /api/settings
2025-06-23T12:22:53.180Z - GET /api/pages
2025-06-23T12:23:22.616Z - GET /api/projects/active
2025-06-23T12:23:22.719Z - GET /api/settings
2025-06-23T12:23:22.724Z - GET /api/pages
2025-06-23T12:23:23.012Z - GET /api/projects/active
2025-06-23T12:23:23.112Z - GET /api/settings
2025-06-23T12:23:23.116Z - GET /api/pages
2025-06-23T12:23:23.333Z - GET /api/projects/active
2025-06-23T12:23:23.410Z - GET /api/settings
2025-06-23T12:23:23.412Z - GET /api/pages
2025-06-23T12:23:23.415Z - GET /api/settings
2025-06-23T12:23:23.418Z - GET /api/pages
2025-06-23T12:23:23.590Z - GET /api/projects/active
2025-06-23T12:23:23.665Z - GET /api/pages
2025-06-23T12:23:23.664Z - GET /api/settings
2025-06-23T12:23:23.668Z - GET /api/settings
2025-06-23T12:23:23.669Z - GET /api/pages
2025-06-23T12:23:23.846Z - GET /api/projects/active
2025-06-23T12:23:23.911Z - GET /api/settings
2025-06-23T12:23:23.911Z - GET /api/pages
2025-06-23T12:23:23.915Z - GET /api/settings
2025-06-23T12:23:23.917Z - GET /api/pages
2025-06-23T12:23:24.101Z - GET /api/projects/active
2025-06-23T12:23:24.165Z - GET /api/settings
2025-06-23T12:23:24.165Z - GET /api/pages
2025-06-23T12:23:24.169Z - GET /api/settings
2025-06-23T12:23:24.170Z - GET /api/pages
2025-06-23T12:23:24.347Z - GET /api/projects/active
2025-06-23T12:23:24.413Z - GET /api/settings
2025-06-23T12:23:24.414Z - GET /api/pages
2025-06-23T12:23:24.418Z - GET /api/settings
2025-06-23T12:23:24.418Z - GET /api/pages
2025-06-23T12:23:24.614Z - GET /api/projects/active
2025-06-23T12:23:24.673Z - GET /api/settings
2025-06-23T12:23:24.674Z - GET /api/pages
2025-06-23T12:23:24.679Z - GET /api/settings
2025-06-23T12:23:24.680Z - GET /api/pages
2025-06-23T12:23:24.846Z - GET /api/projects/active
2025-06-23T12:23:24.911Z - GET /api/settings
2025-06-23T12:23:24.911Z - GET /api/pages
2025-06-23T12:23:24.916Z - GET /api/settings
2025-06-23T12:23:24.917Z - GET /api/pages
2025-06-23T12:23:25.080Z - GET /api/projects/active
2025-06-23T12:23:25.150Z - GET /api/pages
2025-06-23T12:23:25.149Z - GET /api/settings
2025-06-23T12:23:25.153Z - GET /api/settings
2025-06-23T12:23:25.155Z - GET /api/pages
2025-06-23T12:23:25.357Z - GET /api/projects/active
2025-06-23T12:23:25.414Z - GET /api/settings
2025-06-23T12:23:25.415Z - GET /api/pages
2025-06-23T12:23:25.419Z - GET /api/settings
2025-06-23T12:23:25.422Z - GET /api/pages
2025-06-23T12:23:25.633Z - GET /api/projects/active
2025-06-23T12:23:25.686Z - GET /api/settings
2025-06-23T12:23:25.686Z - GET /api/pages
2025-06-23T12:23:25.691Z - GET /api/settings
2025-06-23T12:23:25.693Z - GET /api/pages
2025-06-23T12:23:25.933Z - GET /api/projects/active
2025-06-23T12:23:25.994Z - GET /api/settings
2025-06-23T12:23:25.994Z - GET /api/pages
2025-06-23T12:23:25.998Z - GET /api/settings
2025-06-23T12:23:25.999Z - GET /api/pages
2025-06-23T12:23:26.182Z - GET /api/projects/active
2025-06-23T12:23:26.252Z - GET /api/settings
2025-06-23T12:23:26.253Z - GET /api/pages
2025-06-23T12:23:26.258Z - GET /api/settings
2025-06-23T12:23:26.259Z - GET /api/pages
2025-06-23T12:23:26.432Z - GET /api/projects/active
2025-06-23T12:23:26.495Z - GET /api/settings
2025-06-23T12:23:26.495Z - GET /api/pages
2025-06-23T12:23:26.499Z - GET /api/settings
2025-06-23T12:23:26.500Z - GET /api/pages
2025-06-23T12:23:26.679Z - GET /api/projects/active
2025-06-23T12:23:26.737Z - GET /api/pages
2025-06-23T12:23:26.737Z - GET /api/settings
2025-06-23T12:23:26.743Z - GET /api/settings
2025-06-23T12:23:26.744Z - GET /api/pages
2025-06-23T12:23:26.913Z - GET /api/projects/active
2025-06-23T12:23:26.972Z - GET /api/pages
2025-06-23T12:23:26.972Z - GET /api/settings
2025-06-23T12:23:26.978Z - GET /api/settings
2025-06-23T12:23:26.979Z - GET /api/pages
2025-06-23T12:23:27.191Z - GET /api/projects/active
2025-06-23T12:23:27.254Z - GET /api/settings
2025-06-23T12:23:27.255Z - GET /api/pages
2025-06-23T12:23:27.260Z - GET /api/settings
2025-06-23T12:23:27.261Z - GET /api/pages
2025-06-23T12:23:27.461Z - GET /api/projects/active
2025-06-23T12:23:27.521Z - GET /api/settings
2025-06-23T12:23:27.522Z - GET /api/pages
2025-06-23T12:23:27.527Z - GET /api/settings
2025-06-23T12:23:27.527Z - GET /api/pages
2025-06-23T12:23:27.691Z - GET /api/projects/active
2025-06-23T12:23:27.754Z - GET /api/settings
2025-06-23T12:23:27.755Z - GET /api/pages
2025-06-23T12:23:27.760Z - GET /api/settings
2025-06-23T12:23:27.761Z - GET /api/pages
2025-06-23T12:23:27.976Z - GET /api/projects/active
2025-06-23T12:23:28.036Z - GET /api/settings
2025-06-23T12:23:28.036Z - GET /api/pages
2025-06-23T12:23:28.042Z - GET /api/settings
2025-06-23T12:23:28.043Z - GET /api/pages
2025-06-23T12:23:28.238Z - GET /api/projects/active
2025-06-23T12:23:28.297Z - GET /api/settings
2025-06-23T12:23:28.297Z - GET /api/pages
2025-06-23T12:23:28.301Z - GET /api/settings
2025-06-23T12:23:28.303Z - GET /api/pages
2025-06-23T12:23:28.485Z - GET /api/projects/active
2025-06-23T12:23:28.548Z - GET /api/settings
2025-06-23T12:23:28.549Z - GET /api/pages
2025-06-23T12:23:28.553Z - GET /api/settings
2025-06-23T12:23:28.554Z - GET /api/pages
2025-06-23T12:23:28.775Z - GET /api/projects/active
2025-06-23T12:23:28.841Z - GET /api/settings
2025-06-23T12:23:28.842Z - GET /api/pages
2025-06-23T12:23:28.846Z - GET /api/settings
2025-06-23T12:23:28.847Z - GET /api/pages
2025-06-23T12:23:29.043Z - GET /api/projects/active
2025-06-23T12:23:29.115Z - GET /api/pages
2025-06-23T12:23:29.115Z - GET /api/settings
2025-06-23T12:23:29.119Z - GET /api/settings
2025-06-23T12:23:29.120Z - GET /api/pages
2025-06-23T12:23:29.296Z - GET /api/projects/active
2025-06-23T12:23:29.358Z - GET /api/settings
2025-06-23T12:23:29.359Z - GET /api/pages
2025-06-23T12:23:29.363Z - GET /api/settings
2025-06-23T12:23:29.365Z - GET /api/pages
2025-06-23T12:23:29.552Z - GET /api/projects/active
2025-06-23T12:23:29.613Z - GET /api/settings
2025-06-23T12:23:29.614Z - GET /api/pages
2025-06-23T12:23:29.618Z - GET /api/settings
2025-06-23T12:23:29.619Z - GET /api/pages
2025-06-23T12:23:29.818Z - GET /api/projects/active
2025-06-23T12:23:29.880Z - GET /api/pages
2025-06-23T12:23:29.879Z - GET /api/settings
2025-06-23T12:23:29.885Z - GET /api/settings
2025-06-23T12:23:29.887Z - GET /api/pages
2025-06-23T12:23:30.066Z - GET /api/projects/active
2025-06-23T12:23:30.128Z - GET /api/settings
2025-06-23T12:23:30.128Z - GET /api/pages
2025-06-23T12:23:30.132Z - GET /api/settings
2025-06-23T12:23:30.134Z - GET /api/pages
2025-06-23T12:23:30.321Z - GET /api/projects/active
2025-06-23T12:23:30.379Z - GET /api/settings
2025-06-23T12:23:30.380Z - GET /api/pages
2025-06-23T12:23:30.383Z - GET /api/settings
2025-06-23T12:23:30.384Z - GET /api/pages
2025-06-23T12:23:30.654Z - GET /api/projects/active
2025-06-23T12:23:30.731Z - GET /api/settings
2025-06-23T12:23:30.732Z - GET /api/pages
2025-06-23T12:23:30.735Z - GET /api/settings
2025-06-23T12:23:30.738Z - GET /api/pages
2025-06-23T12:23:30.948Z - GET /api/projects/active
2025-06-23T12:23:31.039Z - GET /api/settings
2025-06-23T12:23:31.041Z - GET /api/pages
2025-06-23T12:23:31.042Z - GET /api/settings
2025-06-23T12:23:31.046Z - GET /api/pages
2025-06-23T12:23:31.277Z - GET /api/projects/active
2025-06-23T12:23:31.341Z - GET /api/settings
2025-06-23T12:23:31.340Z - GET /api/pages
2025-06-23T12:23:31.345Z - GET /api/settings
2025-06-23T12:23:31.347Z - GET /api/pages
2025-06-23T12:23:31.523Z - GET /api/projects/active
2025-06-23T12:23:31.597Z - GET /api/pages
2025-06-23T12:23:31.597Z - GET /api/settings
2025-06-23T12:23:31.600Z - GET /api/settings
2025-06-23T12:23:31.602Z - GET /api/pages
2025-06-23T12:23:31.835Z - GET /api/projects/active
2025-06-23T12:23:31.925Z - GET /api/settings
2025-06-23T12:23:31.926Z - GET /api/pages
2025-06-23T12:23:31.931Z - GET /api/settings
2025-06-23T12:23:31.933Z - GET /api/pages
2025-06-23T12:23:32.196Z - GET /api/projects/active
2025-06-23T12:23:32.281Z - GET /api/settings
2025-06-23T12:23:32.282Z - GET /api/pages
2025-06-23T12:23:32.285Z - GET /api/settings
2025-06-23T12:23:32.290Z - GET /api/pages
2025-06-23T12:23:32.556Z - GET /api/projects/active
2025-06-23T12:23:32.626Z - GET /api/settings
2025-06-23T12:23:32.628Z - GET /api/pages
2025-06-23T12:23:32.631Z - GET /api/settings
2025-06-23T12:23:32.632Z - GET /api/pages
2025-06-23T12:23:32.845Z - GET /api/projects/active
2025-06-23T12:23:32.908Z - GET /api/settings
2025-06-23T12:23:32.908Z - GET /api/pages
2025-06-23T12:23:32.913Z - GET /api/settings
2025-06-23T12:23:32.915Z - GET /api/pages
2025-06-23T12:23:33.110Z - GET /api/projects/active
2025-06-23T12:23:33.167Z - GET /api/settings
2025-06-23T12:23:33.168Z - GET /api/pages
2025-06-23T12:23:33.172Z - GET /api/settings
2025-06-23T12:23:33.173Z - GET /api/pages
2025-06-23T12:23:33.362Z - GET /api/projects/active
2025-06-23T12:23:33.431Z - GET /api/settings
2025-06-23T12:23:33.431Z - GET /api/pages
2025-06-23T12:23:33.435Z - GET /api/settings
2025-06-23T12:23:33.436Z - GET /api/pages
2025-06-23T12:23:33.614Z - GET /api/projects/active
2025-06-23T12:23:33.675Z - GET /api/settings
2025-06-23T12:23:33.675Z - GET /api/pages
2025-06-23T12:23:33.679Z - GET /api/settings
2025-06-23T12:23:33.681Z - GET /api/pages
2025-06-23T12:23:33.852Z - GET /api/projects/active
2025-06-23T12:23:33.919Z - GET /api/settings
2025-06-23T12:23:33.920Z - GET /api/pages
2025-06-23T12:23:33.923Z - GET /api/settings
2025-06-23T12:23:33.924Z - GET /api/pages
2025-06-23T12:23:34.113Z - GET /api/projects/active
2025-06-23T12:23:34.178Z - GET /api/settings
2025-06-23T12:23:34.178Z - GET /api/pages
2025-06-23T12:23:34.181Z - GET /api/settings
2025-06-23T12:23:34.182Z - GET /api/pages
2025-06-23T12:23:34.388Z - GET /api/projects/active
2025-06-23T12:23:34.455Z - GET /api/pages
2025-06-23T12:23:34.455Z - GET /api/settings
2025-06-23T12:23:34.461Z - GET /api/settings
2025-06-23T12:23:34.462Z - GET /api/pages
2025-06-23T12:23:34.653Z - GET /api/projects/active
2025-06-23T12:23:34.715Z - GET /api/pages
2025-06-23T12:23:34.715Z - GET /api/settings
2025-06-23T12:23:34.719Z - GET /api/settings
2025-06-23T12:23:34.722Z - GET /api/pages
2025-06-23T12:23:34.932Z - GET /api/projects/active
2025-06-23T12:23:34.995Z - GET /api/settings
2025-06-23T12:23:34.995Z - GET /api/pages
2025-06-23T12:23:34.999Z - GET /api/settings
2025-06-23T12:23:35.001Z - GET /api/pages
2025-06-23T12:23:35.187Z - GET /api/projects/active
2025-06-23T12:23:35.260Z - GET /api/pages
2025-06-23T12:23:35.259Z - GET /api/settings
2025-06-23T12:23:35.264Z - GET /api/settings
2025-06-23T12:23:35.266Z - GET /api/pages
2025-06-23T12:23:35.450Z - GET /api/projects/active
2025-06-23T12:23:35.514Z - GET /api/settings
2025-06-23T12:23:35.514Z - GET /api/pages
2025-06-23T12:23:35.519Z - GET /api/settings
2025-06-23T12:23:35.522Z - GET /api/pages
2025-06-23T12:23:35.715Z - GET /api/projects/active
2025-06-23T12:23:35.778Z - GET /api/settings
2025-06-23T12:23:35.778Z - GET /api/pages
2025-06-23T12:23:35.781Z - GET /api/settings
2025-06-23T12:23:35.782Z - GET /api/pages
2025-06-23T12:23:35.967Z - GET /api/projects/active
2025-06-23T12:23:36.033Z - GET /api/settings
2025-06-23T12:23:36.034Z - GET /api/pages
2025-06-23T12:23:36.040Z - GET /api/settings
2025-06-23T12:23:36.043Z - GET /api/pages
2025-06-23T12:25:22.652Z - GET /api/projects/active
2025-06-23T12:25:22.761Z - GET /api/settings
2025-06-23T12:25:22.762Z - GET /api/pages
2025-06-23T12:25:22.767Z - GET /api/settings
2025-06-23T12:25:22.768Z - GET /api/pages
2025-06-23T12:25:24.167Z - GET /api/projects
2025-06-23T12:25:24.170Z - GET /api/projects
2025-06-23T12:25:49.901Z - GET /api/pages
2025-06-23T12:25:49.900Z - GET /api/settings
2025-06-23T12:25:49.907Z - GET /api/settings
2025-06-23T12:25:49.908Z - GET /api/pages
2025-06-23T12:25:51.634Z - GET /api/pages/basic
2025-06-23T12:25:51.635Z - GET /api/projects/nu/widgets
2025-06-23T12:25:51.638Z - GET /api/projects/active
2025-06-23T12:25:51.642Z - GET /api/pages/basic
2025-06-23T12:25:51.643Z - GET /api/projects/active
2025-06-23T12:25:51.647Z - GET /api/preview/global-widgets
2025-06-23T12:25:51.647Z - GET /api/themes/project/nu
2025-06-23T12:25:51.648Z - GET /api/projects/nu/widgets
2025-06-23T12:25:51.651Z - GET /api/themes/project/nu
2025-06-23T12:25:51.652Z - GET /api/preview/global-widgets
2025-06-23T12:25:51.684Z - GET /api/pages
2025-06-23T12:25:51.695Z - POST /api/preview
2025-06-23T12:25:51.697Z - POST /api/preview
2025-06-23T12:25:51.698Z - GET /api/pages
2025-06-23T12:25:51.769Z - POST /api/preview
2025-06-23T12:25:51.788Z - GET /api/preview/assets/nu/assets/base.css
2025-06-23T12:25:51.788Z - GET /api/preview/assets/nu/assets/header_scripts.js
2025-06-23T12:25:51.788Z - GET /api/preview/assets/nu/assets/footer_scripts.js
2025-06-23T12:27:48.477Z - GET /api/projects/active
2025-06-23T12:27:48.562Z - GET /api/pages/basic
2025-06-23T12:27:48.563Z - GET /api/projects/nu/widgets
2025-06-23T12:27:48.564Z - GET /api/projects/active
2025-06-23T12:27:48.569Z - GET /api/pages/basic
2025-06-23T12:27:48.569Z - GET /api/projects/active
2025-06-23T12:27:48.573Z - GET /api/projects/nu/widgets
2025-06-23T12:27:48.577Z - GET /api/preview/global-widgets
2025-06-23T12:27:48.578Z - GET /api/themes/project/nu
2025-06-23T12:27:48.582Z - GET /api/themes/project/nu
2025-06-23T12:27:48.585Z - GET /api/preview/global-widgets
2025-06-23T12:27:48.626Z - GET /api/pages
2025-06-23T12:27:48.629Z - POST /api/preview
2025-06-23T12:27:48.632Z - POST /api/preview
2025-06-23T12:27:48.633Z - GET /api/pages
2025-06-23T12:27:48.721Z - POST /api/preview
2025-06-23T12:27:48.732Z - GET /api/preview/assets/nu/assets/base.css
2025-06-23T12:27:48.732Z - GET /api/preview/assets/nu/assets/header_scripts.js
2025-06-23T12:27:48.732Z - GET /api/preview/assets/nu/assets/footer_scripts.js
2025-06-23T12:28:11.731Z - GET /api/settings
2025-06-23T12:28:11.732Z - GET /api/pages
2025-06-23T12:28:11.738Z - GET /api/settings
2025-06-23T12:28:11.740Z - GET /api/pages
2025-06-23T12:28:12.856Z - GET /api/projects
2025-06-23T12:28:12.859Z - GET /api/projects
2025-06-23T12:28:13.732Z - GET /api/projects/active
2025-06-23T12:28:13.822Z - GET /api/projects
2025-06-23T12:28:13.826Z - GET /api/projects
2025-06-23T12:28:52.330Z - GET /api/settings
2025-06-23T12:28:52.330Z - GET /api/projects
2025-06-23T12:28:52.334Z - GET /api/settings
2025-06-23T12:28:52.336Z - GET /api/projects
2025-06-23T12:28:53.766Z - GET /api/projects/active
2025-06-23T12:28:53.817Z - GET /api/settings
2025-06-23T12:28:53.817Z - GET /api/projects
2025-06-23T12:28:53.821Z - GET /api/settings
2025-06-23T12:28:53.822Z - GET /api/projects
2025-06-23T12:29:09.050Z - GET /api/projects
2025-06-23T12:29:21.599Z - GET /api/projects
2025-06-23T12:30:36.034Z - GET /api/projects/active
2025-06-23T12:30:36.043Z - GET /api/settings
2025-06-23T12:30:36.047Z - GET /api/projects
2025-06-23T12:30:36.048Z - GET /api/settings
2025-06-23T12:30:36.052Z - GET /api/projects
2025-06-23T12:30:45.065Z - GET /api/projects/active
2025-06-23T12:30:45.153Z - GET /api/settings
2025-06-23T12:30:45.153Z - GET /api/projects
2025-06-23T12:30:45.158Z - GET /api/settings
2025-06-23T12:30:45.159Z - GET /api/projects
2025-06-23T12:32:01.986Z - GET /api/projects/active
2025-06-23T12:32:02.533Z - GET /api/settings
2025-06-23T12:32:02.534Z - GET /api/projects
2025-06-23T12:32:02.543Z - GET /api/settings
2025-06-23T12:32:02.544Z - GET /api/projects
2025-06-23T12:32:10.249Z - GET /api/projects/active
2025-06-23T12:32:10.280Z - GET /api/settings
2025-06-23T12:32:10.281Z - GET /api/projects
2025-06-23T12:32:10.285Z - GET /api/settings
2025-06-23T12:32:10.286Z - GET /api/projects
2025-06-23T12:33:02.386Z - GET /api/projects
2025-06-23T12:33:02.391Z - GET /api/projects
2025-06-23T12:33:03.088Z - GET /api/projects
2025-06-23T12:33:03.088Z - GET /api/settings
2025-06-23T12:33:03.093Z - GET /api/projects
2025-06-23T12:33:03.092Z - GET /api/settings
2025-06-23T12:33:03.999Z - GET /api/projects/active
2025-06-23T12:33:04.028Z - GET /api/settings
2025-06-23T12:33:04.029Z - GET /api/projects
2025-06-23T12:33:04.032Z - GET /api/settings
2025-06-23T12:33:04.032Z - GET /api/projects
2025-06-23T12:34:43.926Z - GET /api/projects/active
2025-06-23T12:34:43.960Z - GET /api/settings
2025-06-23T12:34:43.960Z - GET /api/projects
2025-06-23T12:34:43.964Z - GET /api/settings
2025-06-23T12:34:43.964Z - GET /api/projects
2025-06-23T12:34:57.162Z - GET /api/projects/active
2025-06-23T12:34:57.190Z - GET /api/settings
2025-06-23T12:34:57.190Z - GET /api/projects
2025-06-23T12:34:57.194Z - GET /api/settings
2025-06-23T12:34:57.195Z - GET /api/projects
2025-06-23T12:37:01.010Z - GET /api/projects/active
2025-06-23T12:37:01.019Z - GET /api/settings
2025-06-23T12:37:01.023Z - GET /api/projects
2025-06-23T12:37:01.024Z - GET /api/settings
2025-06-23T12:37:01.027Z - GET /api/projects
2025-06-23T12:37:21.504Z - GET /api/projects/active
2025-06-23T12:37:21.581Z - GET /api/settings
2025-06-23T12:37:21.582Z - GET /api/projects
2025-06-23T12:37:21.585Z - GET /api/settings
2025-06-23T12:37:21.586Z - GET /api/projects
